  Vertex3D.cpp
E:\학교\C프로그래밍\기말\Vertex3D\Vertex3D.cpp(54,5): warning C4996: 'scanf': This function or variable may be unsafe. Consider using scanf_s instead. To disable deprecation, use _CRT_SECURE_NO_WARNINGS. See online help for details.
E:\학교\C프로그래밍\기말\Vertex3D\Vertex3D.cpp(56,5): warning C4996: 'strcat': This function or variable may be unsafe. Consider using strcat_s instead. To disable deprecation, use _CRT_SECURE_NO_WARNINGS. See online help for details.
E:\학교\C프로그래밍\기말\Vertex3D\Vertex3D.cpp(58,18): warning C4996: 'fopen': This function or variable may be unsafe. Consider using fopen_s instead. To disable deprecation, use _CRT_SECURE_NO_WARNINGS. See online help for details.
E:\학교\C프로그래밍\기말\Vertex3D\Vertex3D.cpp(93,5): warning C4996: 'scanf': This function or variable may be unsafe. Consider using scanf_s instead. To disable deprecation, use _CRT_SECURE_NO_WARNINGS. See online help for details.
E:\학교\C프로그래밍\기말\Vertex3D\Vertex3D.cpp(95,5): warning C4996: 'strcat': This function or variable may be unsafe. Consider using strcat_s instead. To disable deprecation, use _CRT_SECURE_NO_WARNINGS. See online help for details.
E:\학교\C프로그래밍\기말\Vertex3D\Vertex3D.cpp(97,18): warning C4996: 'fopen': This function or variable may be unsafe. Consider using fopen_s instead. To disable deprecation, use _CRT_SECURE_NO_WARNINGS. See online help for details.
E:\학교\C프로그래밍\기말\Vertex3D\Vertex3D.cpp(103,5): warning C4996: 'fscanf': This function or variable may be unsafe. Consider using fscanf_s instead. To disable deprecation, use _CRT_SECURE_NO_WARNINGS. See online help for details.
E:\학교\C프로그래밍\기말\Vertex3D\Vertex3D.cpp(106,5): warning C4996: 'fscanf': This function or variable may be unsafe. Consider using fscanf_s instead. To disable deprecation, use _CRT_SECURE_NO_WARNINGS. See online help for details.
E:\학교\C프로그래밍\기말\Vertex3D\Vertex3D.cpp(109,5): warning C4996: 'fscanf': This function or variable may be unsafe. Consider using fscanf_s instead. To disable deprecation, use _CRT_SECURE_NO_WARNINGS. See online help for details.
E:\학교\C프로그래밍\기말\Vertex3D\Vertex3D.cpp(118,9): warning C4996: 'fscanf': This function or variable may be unsafe. Consider using fscanf_s instead. To disable deprecation, use _CRT_SECURE_NO_WARNINGS. See online help for details.
E:\학교\C프로그래밍\기말\Vertex3D\Vertex3D.cpp(125,9): warning C4996: 'fscanf': This function or variable may be unsafe. Consider using fscanf_s instead. To disable deprecation, use _CRT_SECURE_NO_WARNINGS. See online help for details.
E:\학교\C프로그래밍\기말\Vertex3D\Vertex3D.cpp(186,5): warning C4996: 'strcpy': This function or variable may be unsafe. Consider using strcpy_s instead. To disable deprecation, use _CRT_SECURE_NO_WARNINGS. See online help for details.
E:\학교\C프로그래밍\기말\Vertex3D\Vertex3D.cpp(318,25): warning C4996: 'strcpy': This function or variable may be unsafe. Consider using strcpy_s instead. To disable deprecation, use _CRT_SECURE_NO_WARNINGS. See online help for details.
E:\학교\C프로그래밍\기말\Vertex3D\Vertex3D.cpp(321,25): warning C4996: 'strcpy': This function or variable may be unsafe. Consider using strcpy_s instead. To disable deprecation, use _CRT_SECURE_NO_WARNINGS. See online help for details.
E:\학교\C프로그래밍\기말\Vertex3D\Vertex3D.cpp(324,25): warning C4996: 'strcpy': This function or variable may be unsafe. Consider using strcpy_s instead. To disable deprecation, use _CRT_SECURE_NO_WARNINGS. See online help for details.
E:\학교\C프로그래밍\기말\Vertex3D\Vertex3D.cpp(327,25): warning C4996: 'strcpy': This function or variable may be unsafe. Consider using strcpy_s instead. To disable deprecation, use _CRT_SECURE_NO_WARNINGS. See online help for details.
E:\학교\C프로그래밍\기말\Vertex3D\Vertex3D.cpp(330,25): warning C4996: 'strcpy': This function or variable may be unsafe. Consider using strcpy_s instead. To disable deprecation, use _CRT_SECURE_NO_WARNINGS. See online help for details.
E:\학교\C프로그래밍\기말\Vertex3D\Vertex3D.cpp(344,25): warning C4996: 'strcpy': This function or variable may be unsafe. Consider using strcpy_s instead. To disable deprecation, use _CRT_SECURE_NO_WARNINGS. See online help for details.
E:\학교\C프로그래밍\기말\Vertex3D\Vertex3D.cpp(347,25): warning C4996: 'strcpy': This function or variable may be unsafe. Consider using strcpy_s instead. To disable deprecation, use _CRT_SECURE_NO_WARNINGS. See online help for details.
E:\학교\C프로그래밍\기말\Vertex3D\Vertex3D.cpp(350,25): warning C4996: 'strcpy': This function or variable may be unsafe. Consider using strcpy_s instead. To disable deprecation, use _CRT_SECURE_NO_WARNINGS. See online help for details.
E:\학교\C프로그래밍\기말\Vertex3D\Vertex3D.cpp(359,21): warning C4996: 'strcpy': This function or variable may be unsafe. Consider using strcpy_s instead. To disable deprecation, use _CRT_SECURE_NO_WARNINGS. See online help for details.
E:\학교\C프로그래밍\기말\Vertex3D\Vertex3D.cpp(363,21): warning C4996: 'strcpy': This function or variable may be unsafe. Consider using strcpy_s instead. To disable deprecation, use _CRT_SECURE_NO_WARNINGS. See online help for details.
E:\학교\C프로그래밍\기말\Vertex3D\Vertex3D.cpp(372,25): warning C4996: 'strcpy': This function or variable may be unsafe. Consider using strcpy_s instead. To disable deprecation, use _CRT_SECURE_NO_WARNINGS. See online help for details.
E:\학교\C프로그래밍\기말\Vertex3D\Vertex3D.cpp(375,25): warning C4996: 'strcpy': This function or variable may be unsafe. Consider using strcpy_s instead. To disable deprecation, use _CRT_SECURE_NO_WARNINGS. See online help for details.
E:\학교\C프로그래밍\기말\Vertex3D\Vertex3D.cpp(378,25): warning C4996: 'strcpy': This function or variable may be unsafe. Consider using strcpy_s instead. To disable deprecation, use _CRT_SECURE_NO_WARNINGS. See online help for details.
E:\학교\C프로그래밍\기말\Vertex3D\Vertex3D.cpp(395,21): warning C4996: 'strcpy': This function or variable may be unsafe. Consider using strcpy_s instead. To disable deprecation, use _CRT_SECURE_NO_WARNINGS. See online help for details.
E:\학교\C프로그래밍\기말\Vertex3D\Vertex3D.cpp(500,13): warning C4996: 'scanf': This function or variable may be unsafe. Consider using scanf_s instead. To disable deprecation, use _CRT_SECURE_NO_WARNINGS. See online help for details.
E:\학교\C프로그래밍\기말\Vertex3D\Vertex3D.cpp(507,13): warning C4996: 'strcpy': This function or variable may be unsafe. Consider using strcpy_s instead. To disable deprecation, use _CRT_SECURE_NO_WARNINGS. See online help for details.
E:\학교\C프로그래밍\기말\Vertex3D\Vertex3D.cpp(550,13): warning C4996: 'strcpy': This function or variable may be unsafe. Consider using strcpy_s instead. To disable deprecation, use _CRT_SECURE_NO_WARNINGS. See online help for details.
E:\학교\C프로그래밍\기말\Vertex3D\Vertex3D.cpp(566,13): warning C4996: 'scanf': This function or variable may be unsafe. Consider using scanf_s instead. To disable deprecation, use _CRT_SECURE_NO_WARNINGS. See online help for details.
E:\학교\C프로그래밍\기말\Vertex3D\Vertex3D.cpp(574,13): warning C4996: 'strcpy': This function or variable may be unsafe. Consider using strcpy_s instead. To disable deprecation, use _CRT_SECURE_NO_WARNINGS. See online help for details.
E:\학교\C프로그래밍\기말\Vertex3D\Vertex3D.cpp(595,13): warning C4996: 'scanf': This function or variable may be unsafe. Consider using scanf_s instead. To disable deprecation, use _CRT_SECURE_NO_WARNINGS. See online help for details.
E:\학교\C프로그래밍\기말\Vertex3D\Vertex3D.cpp(599,17): warning C4996: 'strcpy': This function or variable may be unsafe. Consider using strcpy_s instead. To disable deprecation, use _CRT_SECURE_NO_WARNINGS. See online help for details.
E:\학교\C프로그래밍\기말\Vertex3D\Vertex3D.cpp(614,17): warning C4996: 'strcpy': This function or variable may be unsafe. Consider using strcpy_s instead. To disable deprecation, use _CRT_SECURE_NO_WARNINGS. See online help for details.
E:\학교\C프로그래밍\기말\Vertex3D\Vertex3D.cpp(622,13): warning C4996: 'scanf': This function or variable may be unsafe. Consider using scanf_s instead. To disable deprecation, use _CRT_SECURE_NO_WARNINGS. See online help for details.
E:\학교\C프로그래밍\기말\Vertex3D\Vertex3D.cpp(626,17): warning C4996: 'strcpy': This function or variable may be unsafe. Consider using strcpy_s instead. To disable deprecation, use _CRT_SECURE_NO_WARNINGS. See online help for details.
E:\학교\C프로그래밍\기말\Vertex3D\Vertex3D.cpp(645,13): warning C4996: 'strcpy': This function or variable may be unsafe. Consider using strcpy_s instead. To disable deprecation, use _CRT_SECURE_NO_WARNINGS. See online help for details.
E:\학교\C프로그래밍\기말\Vertex3D\Vertex3D.cpp(657,13): warning C4996: 'strcpy': This function or variable may be unsafe. Consider using strcpy_s instead. To disable deprecation, use _CRT_SECURE_NO_WARNINGS. See online help for details.
E:\학교\C프로그래밍\기말\Vertex3D\Vertex3D.cpp(672,13): warning C4996: 'strcpy': This function or variable may be unsafe. Consider using strcpy_s instead. To disable deprecation, use _CRT_SECURE_NO_WARNINGS. See online help for details.
E:\학교\C프로그래밍\기말\Vertex3D\Vertex3D.cpp(683,13): warning C4996: 'strcpy': This function or variable may be unsafe. Consider using strcpy_s instead. To disable deprecation, use _CRT_SECURE_NO_WARNINGS. See online help for details.
  Vertex3D.vcxproj -> E:\학교\C프로그래밍\기말\Vertex3D\x64\Debug\Vertex3D.exe
